1571899182128	mozrunner::runner	INFO	Running command: "C:\\Program Files (x86)\\Mozilla Firefox\\firefox.exe" "-marionette" "-foreground" "-no-remote" "-profile" "C:\\Users\\AKOLED~1\\AppData\\Local\\Temp\\rust_mozprofile2e7A6H"
1571899184354	addons.webextension.screenshots@mozilla.org	WARN	Loading extension 'screenshots@mozilla.org': Reading manifest: Invalid extension permission: mozillaAddons
1571899184356	addons.webextension.screenshots@mozilla.org	WARN	Loading extension 'screenshots@mozilla.org': Reading manifest: Invalid extension permission: telemetry
1571899184359	addons.webextension.screenshots@mozilla.org	WARN	Loading extension 'screenshots@mozilla.org': Reading manifest: Invalid extension permission: resource://pdf.js/
1571899184360	addons.webextension.screenshots@mozilla.org	WARN	Loading extension 'screenshots@mozilla.org': Reading manifest: Invalid extension permission: about:reader*
JavaScript error: resource://gre/modules/XULStore.jsm, line 66: Error: Can't find profile directory.
1571899190006	Marionette	INFO	Listening on port 51709
1571899190475	Marionette	WARN	TLS certificate errors will be ignored for this session
1571899201640	Marionette	INFO	Stopped listening on port 51709
[[Child 19280, Chrome_ChildThread] WARNING: pipe error: 109: file z:/task_1570643041/build/src/ipc/chromium/src/chrome/common/ipc_channel_win.cc, line 341
[Child 19280, Chrome_Ch[Parent 2724, Gecko_IOThread] WARNING: pipe error: 109: file z:/task_1570643041/build/src/ipc/chromium/src/chrome/common/ipc_channel_win.cc, line 341
[Child 3312, Chrome_ChildThread] WARNING: pipe error: 109: file z:/task_1570643041/build/src/ipc/chromium/src/chrome/common/ipc_channel_win.cc, line 341
[Child 3
###!!! [Child][RunMessage] Error: Channel closing: too late to send/recv, messages will be lost


###!!! [Child][MessageChannel::SendAndWait] Error: Channel error: cannot send/recv

1571899250369	mozrunner::runner	INFO	Running command: "C:\\Program Files (x86)\\Mozilla Firefox\\firefox.exe" "-marionette" "-foreground" "-no-remote" "-profile" "C:\\Users\\AKOLED~1\\AppData\\Local\\Temp\\rust_mozprofileUWuG5h"
1571899251917	addons.webextension.screenshots@mozilla.org	WARN	Loading extension 'screenshots@mozilla.org': Reading manifest: Invalid extension permission: mozillaAddons
1571899251917	addons.webextension.screenshots@mozilla.org	WARN	Loading extension 'screenshots@mozilla.org': Reading manifest: Invalid extension permission: telemetry
1571899251917	addons.webextension.screenshots@mozilla.org	WARN	Loading extension 'screenshots@mozilla.org': Reading manifest: Invalid extension permission: resource://pdf.js/
1571899251918	addons.webextension.screenshots@mozilla.org	WARN	Loading extension 'screenshots@mozilla.org': Reading manifest: Invalid extension permission: about:reader*
JavaScript error: resource://gre/modules/XULStore.jsm, line 66: Error: Can't find profile directory.
1571899256644	Marionette	INFO	Listening on port 51828
1571899257203	Marionette	WARN	TLS certificate errors will be ignored for this session
1571899270215	Marionette	INFO	Stopped listening on port 51828
[Parent 32528, Gecko_IOThread] WARNING: pipe error: 109: file z:/task_1570643041/build/src/ipc/chromium/src/chrome/common/ipc_channel_win.cc, line 341
[Child 28976, Chrome_ChildThread] WARNING: pipe error: 109: file z:/task_1570643041/build/src/ipc/chromium/src/chrome/common/ipc_channel_win.cc, line 341
[Child 28976, Chrome_ChildTh[Parent 32528, Gecko_IOThread] WARNING: pipe error: 109: file z:/task_1570643041/build/src/ipc/chromium/src/chrome/common/ipc_channel_win.cc, line 341
[Child 14024, Chrome_ChildThread] WARNING: pipe error: 109: file z:/task_1570643041/build/src/ipc/chromium/src/chrome/common/ipc_channel_win.cc, line 341
[Child 14024, Chrome_ChildThread] WARNING: pipe error: 109: file z:/ta[GPU 6264, C
###!!! [Child][RunMessage] Error: Channel closing: too late to send/recv, messages will be lost

hrome_ChildThread] WARNING: pipe error: 109: file z:/task
###!!! [Child][MessageChannel::SendAndWait] Error: Channel error: cannot send/recv

