1568204949726	mozrunner::runner	INFO	Running command: "C:\\Program Files (x86)\\Mozilla Firefox\\firefox.exe" "-marionette" "-foreground" "-no-remote" "-profile" "C:\\Users\\AKOLED~1\\AppData\\Local\\Temp\\rust_mozprofilehX32Y6"
1568204951665	addons.webextension.screenshots@mozilla.org	WARN	Loading extension 'screenshots@mozilla.org': Reading manifest: Invalid extension permission: mozillaAddons
1568204951665	addons.webextension.screenshots@mozilla.org	WARN	Loading extension 'screenshots@mozilla.org': Reading manifest: Invalid extension permission: telemetry
1568204951665	addons.webextension.screenshots@mozilla.org	WARN	Loading extension 'screenshots@mozilla.org': Reading manifest: Invalid extension permission: resource://pdf.js/
1568204951666	addons.webextension.screenshots@mozilla.org	WARN	Loading extension 'screenshots@mozilla.org': Reading manifest: Invalid extension permission: about:reader*
[Child 34016, Chrome_ChildThread] WARNING: pipe error: 109: file z:/task_1565704921/build/src/ipc/chromium/src/chrome/common/ipc_channel_win.cc, line 341
[Child 34016, Chrome_ChildThread] WARNING: pipe error: 109: file z:/task_1565704921/build/src/ipc/chromium/src/chrome/common/ipc_channel_win.cc, line 341
1568204956752	Marionette	INFO	Listening on port 52580
1568204957249	Marionette	WARN	TLS certificate errors will be ignored for this session
1568204966731	Marionette	INFO	Stopped listening on port 52580
[Child 30056, Chrome_ChildThread] WARNING: pipe error: 109: file z:/task_1565704921/build/src/ipc/chromium/src/chrome/common/ipc_channel_win.cc, line 341
[Child 30056, Chrome_ChildThread] WARNING: pipe error: 109: file z:/task_1565704921/build/src/ipc/chromium/src/chrome/common/ipc_channel_win.cc, line 341
[Child 35956, Chrome_ChildThread] WARNING: pipe error: 109: file z:/task_1565704921/build/src/ipc/chromium/src/chrome/common/ipc_channel_win.cc, line 341
[GPU 33888, 
###!!! [Child][MessageChannel::SendAndWait] Error: Channel error: cannot send/recv

1568282770736	mozrunner::runner	INFO	Running command: "C:\\Program Files (x86)\\Mozilla Firefox\\firefox.exe" "-marionette" "-foreground" "-no-remote" "-profile" "C:\\Users\\AKOLED~1\\AppData\\Local\\Temp\\rust_mozprofileVrThCT"
1568282772074	addons.webextension.screenshots@mozilla.org	WARN	Loading extension 'screenshots@mozilla.org': Reading manifest: Invalid extension permission: mozillaAddons
1568282772074	addons.webextension.screenshots@mozilla.org	WARN	Loading extension 'screenshots@mozilla.org': Reading manifest: Invalid extension permission: telemetry
1568282772074	addons.webextension.screenshots@mozilla.org	WARN	Loading extension 'screenshots@mozilla.org': Reading manifest: Invalid extension permission: resource://pdf.js/
1568282772074	addons.webextension.screenshots@mozilla.org	WARN	Loading extension 'screenshots@mozilla.org': Reading manifest: Invalid extension permission: about:reader*
1568282774899	Marionette	INFO	Listening on port 57494
1568282775181	Marionette	WARN	TLS certificate errors will be ignored for this session
console.error: BroadcastService: 
  receivedBroadcastMessage: handler for
  remote-settings/monitor_changes
  threw error:
  Message: Error: Polling for changes failed: http://%(server)s/dummy/blocklist//buckets/monitor/collections/changes/records?_expected=%221568230737937%22 is not a valid URL..
  Stack:
    remoteSettingsFunction/remoteSettings.pollChanges@resource://services-settings/remote-settings.js:201:13

1568282803558	Marionette	INFO	Stopped listening on port 57494
IPDL protocol error: Handler returned error code!

###!!! [Parent][DispatchAsyncMessage] Error: PLayerTransaction::Msg_ReleaseLayer Processing error: message was deserialized, but the handler returned false (indicating failure)

[Parent 14356, Gecko_IOThread] WARNING: pipe error: 109: file z:/task_1565704921/build/src/ipc/chromium/src/chrome/common/ipc_channel_win.cc, line 341

###!!! [Child][RunMessage] Error: Channel closing: too late to send/recv, messages will be lost


###!!! [Child][MessageChannel::SendAndWait] Error: Channel error: cannot send/recv

1568282809167	mozrunner::runner	INFO	Running command: "C:\\Program Files (x86)\\Mozilla Firefox\\firefox.exe" "-marionette" "-foreground" "-no-remote" "-profile" "C:\\Users\\AKOLED~1\\AppData\\Local\\Temp\\rust_mozprofile8ei2mL"
1568282809746	addons.webextension.screenshots@mozilla.org	WARN	Loading extension 'screenshots@mozilla.org': Reading manifest: Invalid extension permission: mozillaAddons
1568282809746	addons.webextension.screenshots@mozilla.org	WARN	Loading extension 'screenshots@mozilla.org': Reading manifest: Invalid extension permission: telemetry
1568282809746	addons.webextension.screenshots@mozilla.org	WARN	Loading extension 'screenshots@mozilla.org': Reading manifest: Invalid extension permission: resource://pdf.js/
1568282809746	addons.webextension.screenshots@mozilla.org	WARN	Loading extension 'screenshots@mozilla.org': Reading manifest: Invalid extension permission: about:reader*
1568282812428	Marionette	INFO	Listening on port 57543
1568282812486	Marionette	WARN	TLS certificate errors will be ignored for this session
1568282820845	Marionette	INFO	Stopped listening on port 57543
[Parent 17784, Gecko_IOThread] WARNING: pipe error: 109: file z:/task_1565704921/build/src/ipc/chromium/src/chrome/common/ipc_channel_win.cc, line 341
[Parent 17784, Gecko_IOThread] WARNING: pipe error: 109: file z:/task_1565704921/build/src/ipc/chromium/src/chrome/common/ipc_channel_win.cc, line 341
[Child 16684, Chrome_ChildThread] WARNING: pipe error: 109: file z:/task_1565704921/build/src/ipc/chromium/src/chrome/common/ipc_channel_win.cc, line 341
[Child 1668[GPU 5796
###!!! [Child][MessageChannel::SendAndWait] Error: Channel error: cannot send/recv

1568296923848	mozrunner::runner	INFO	Running command: "C:\\Program Files (x86)\\Mozilla Firefox\\firefox.exe" "-marionette" "-foreground" "-no-remote" "-profile" "C:\\Users\\AKOLED~1\\AppData\\Local\\Temp\\rust_mozprofileB49QAU"
1568296925616	addons.webextension.screenshots@mozilla.org	WARN	Loading extension 'screenshots@mozilla.org': Reading manifest: Invalid extension permission: mozillaAddons
1568296925617	addons.webextension.screenshots@mozilla.org	WARN	Loading extension 'screenshots@mozilla.org': Reading manifest: Invalid extension permission: telemetry
1568296925617	addons.webextension.screenshots@mozilla.org	WARN	Loading extension 'screenshots@mozilla.org': Reading manifest: Invalid extension permission: resource://pdf.js/
1568296925617	addons.webextension.screenshots@mozilla.org	WARN	Loading extension 'screenshots@mozilla.org': Reading manifest: Invalid extension permission: about:reader*
1568296929767	Marionette	INFO	Listening on port 55908
1568296929878	Marionette	WARN	TLS certificate errors will be ignored for this session
[Parent 3176, Gecko_IOThread] WARNING: pipe error: 109: file z:/task_1565704921/build/src/ipc/chromium/src/chrome/common/ipc_channel_win.cc, line 341
console.error: BroadcastService: 
  receivedBroadcastMessage: handler for
  remote-settings/monitor_changes
  threw error:
  Message: Error: Polling for changes failed: http://%(server)s/dummy/blocklist//buckets/monitor/collections/changes/records?_expected=%221568227998840%22 is not a valid URL..
  Stack:
    remoteSettingsFunction/remoteSettings.pollChanges@resource://services-settings/remote-settings.js:201:13

1568296955685	Marionette	INFO	Stopped listening on port 55908
[Child 17296, Chrome_ChildThread] WARNING: pipe error: 109: file z:/task_1565704921/build/src/ipc/chromium/src/chrome/common/ipc_channel_win.cc, line 341
[GPU 17576, Chro
###!!! [Child][RunMessage] Error: Channel closing: too late to send/recv, messages will be lost


###!!! [Child][MessageChannel::SendAndWait] Error: Channel error: cannot send/recv

1568296962693	mozrunner::runner	INFO	Running command: "C:\\Program Files (x86)\\Mozilla Firefox\\firefox.exe" "-marionette" "-foreground" "-no-remote" "-profile" "C:\\Users\\AKOLED~1\\AppData\\Local\\Temp\\rust_mozprofileoGB9W9"
1568296963487	addons.webextension.screenshots@mozilla.org	WARN	Loading extension 'screenshots@mozilla.org': Reading manifest: Invalid extension permission: mozillaAddons
1568296963487	addons.webextension.screenshots@mozilla.org	WARN	Loading extension 'screenshots@mozilla.org': Reading manifest: Invalid extension permission: telemetry
1568296963487	addons.webextension.screenshots@mozilla.org	WARN	Loading extension 'screenshots@mozilla.org': Reading manifest: Invalid extension permission: resource://pdf.js/
1568296963488	addons.webextension.screenshots@mozilla.org	WARN	Loading extension 'screenshots@mozilla.org': Reading manifest: Invalid extension permission: about:reader*
1568296969240	Marionette	INFO	Listening on port 55998
1568296969372	Marionette	WARN	TLS certificate errors will be ignored for this session
1568296981527	Marionette	INFO	Stopped listening on port 55998
[Child 8496, Chrome_ChildThread] WARNING: pipe error: 109: file z:/task_1565704921/build/src/ipc/chromium/src/chrome/common/ipc_channel_win.cc, line 341
[Child 8496, Chrome_ChildThread] WARNING: pipe error[Parent 16788, Gecko_IOThread] WARNING: pipe error: 109: file z:/task_1565704921/build/src/ipc/chromium/src/chrome/common/ipc_channel_win.cc, line 341
[Child 14364, Chrome_ChildThread] WARNING: pipe error: 109: file z:/task_1565704921/build/src/ipc/chromium/src/chrome/common/ipc_channel_win.cc, line 341
[Parent 16788, Gecko_IOThread] WARNING: pipe error: 109: file z:/task_1565704921/build/src/ipc/chromium/src/chrome/common/ipc_channel_win.cc, line 341
[Child 4056, Chrome_ChildThread] WARNING: pipe error: 109: file z:/task_1565704921/build/src/ipc/chromium/src/chrome/common/ipc_channel_win.cc, line 341
[Child 4056[GPU 1780, Chrome_Child
###!!! [Child][MessageChannel::SendAndWait] Error: Channel error: cannot send/recv

1568296986354	mozrunner::runner	INFO	Running command: "C:\\Program Files (x86)\\Mozilla Firefox\\firefox.exe" "-marionette" "-foreground" "-no-remote" "-profile" "C:\\Users\\AKOLED~1\\AppData\\Local\\Temp\\rust_mozprofile88W8rJ"
1568296987147	addons.webextension.screenshots@mozilla.org	WARN	Loading extension 'screenshots@mozilla.org': Reading manifest: Invalid extension permission: mozillaAddons
1568296987148	addons.webextension.screenshots@mozilla.org	WARN	Loading extension 'screenshots@mozilla.org': Reading manifest: Invalid extension permission: telemetry
1568296987148	addons.webextension.screenshots@mozilla.org	WARN	Loading extension 'screenshots@mozilla.org': Reading manifest: Invalid extension permission: resource://pdf.js/
1568296987148	addons.webextension.screenshots@mozilla.org	WARN	Loading extension 'screenshots@mozilla.org': Reading manifest: Invalid extension permission: about:reader*
1568296991371	Marionette	INFO	Listening on port 56045
1568296991784	Marionette	WARN	TLS certificate errors will be ignored for this session
1568297002063	Marionette	INFO	Stopped listening on port 56045
[Child 12928, Chrome_ChildThread] WARNING: pipe error: 109: file z:/task_1565704921/build/src/ipc/chromium/src/chrome/common/ipc_channel_win.cc, line 341
[Child 1[Parent 14220, Gecko_IOThread] WARNING: pipe error: 109: file z:/task_1565704921/build/src/ipc/chromium/src/chrome/common/ipc_channel_win.cc, line 341
[Child 18360, Chrome_ChildThread] WARNING: pipe error: 109: file z:/task_1565704921/build/src/ipc/chromium/src/chrome/common/ipc_channel_win.cc, line 341
[Child 18360, Chrome_ChildThrea[Child 1536, Chrome_ChildThread] WARNING: pipe error: 109: file z:/task_1565704921/build/src/ipc/chromium/src/chrome/common/ipc_channel_win.cc, line 341
[Child 1
###!!! [Child][RunMessage] Error: Channel closing: too late to send/recv, messages will be lost

[GPU 16328, Chrome_ChildThread] WAR
###!!! [Child][MessageChannel::SendAndWait] Error: Channel error: cannot send/recv

